<?xml version="1.0" encoding="UTF-8"?>
<!-- Generated by org.testng.reporters.JUnitReportReporter -->
<testsuite hostname="DESKTOP-V2CRMJS" name="test.com.SmptestNGTest" tests="1" failures="0" timestamp="6 Apr 2019 01:30:41 GMT" time="15.515" errors="0">
  <testcase name="testUntitledTestCase1" time="15.515" classname="test.com.SmptestNGTest"/>
</testsuite> <!-- test.com.SmptestNGTest -->
